WARNING:root:C:\Users\MSI\Documents\Python\Overlay\Docs\README.md?
WARNING:root:C:\Users\MSI\Documents\Python\Overlay\Docs\README.md?
WARNING:root:C:\Users\MSI\Documents\Python\Overlay\Docs\changesMainProg\index.md?
WARNING:root:C:\Users\MSI\Documents\Python\Overlay\Docs\changesMainProg\index.md?
WARNING:root:C:\Users\MSI\Documents\Python\Overlay\Docs\changesMainProg\changesMainProg\index.md?
WARNING:root:C:\Users\MSI\Documents\Python\Overlay\Docs\changesMainProg\changesMainProg\index.md?
WARNING:root:C:\Users\MSI\Documents\Python\Overlay\Docs\README.md?
WARNING:root:C:\Users\MSI\Documents\Python\Overlay\Docs\README.md?
WARNING:root:C:\Users\MSI\Documents\Python\Overlay\Docs\plugins\index.md?
WARNING:root:C:\Users\MSI\Documents\Python\Overlay\Docs\plugins\index.md?
WARNING:root:README.md
WARNING:root:C:\Users\MSI\Documents\Python\Overlay\Docs\README.md?
WARNING:root:C:\Users\MSI\Documents\Python\Overlay\Docs\README.md?
WARNING:root:plugins/index.md
WARNING:root:C:\Users\MSI\Documents\Python\Overlay\Docs\plugins\index.md?
WARNING:root:C:\Users\MSI\Documents\Python\Overlay\Docs\plugins\index.md?
WARNING:root:../README.md
WARNING:root:C:\Users\MSI\Documents\Python\Overlay\Docs\plugins\..\README.md?
WARNING:root:C:\Users\MSI\Documents\Python\Overlay\Docs\plugins\..\README.md?
WARNING:root:https://github.com/SnayperTihCreator/OverayPlugins
WARNING:root:https://github.com/SnayperTihCreator/OverayPlugins
WARNING:root:https://github.com/SnayperTihCreator/OverayPlugins
WARNING:root:https://github.com/SnayperTihCreator/OverayPlugins
WARNING:root:https://drive.google.com/drive/folders/1jkbPM_lJKnIv-bnrRmSW4jxCYETueIty?usp=sharing
WARNING:root:https://drive.google.com/drive/folders/1jkbPM_lJKnIv-bnrRmSW4jxCYETueIty?usp=sharing
WARNING:root:https://drive.google.com/drive/folders/1jkbPM_lJKnIv-bnrRmSW4jxCYETueIty?usp=sharing
WARNING:root:https://drive.google.com/drive/folders/1jkbPM_lJKnIv-bnrRmSW4jxCYETueIty?usp=sharing
WARNING:root:https://drive.google.com/drive/folders/1jkbPM_lJKnIv-bnrRmSW4jxCYETueIty?usp=sharing
WARNING:root:https://drive.google.com/drive/folders/1jkbPM_lJKnIv-bnrRmSW4jxCYETueIty?usp=sharing
WARNING:root:https://drive.google.com/drive/folders/1jkbPM_lJKnIv-bnrRmSW4jxCYETueIty?usp=sharing
WARNING:root:https://drive.google.com/drive/folders/1jkbPM_lJKnIv-bnrRmSW4jxCYETueIty?usp=sharing
WARNING:root:https://drive.google.com/drive/folders/1jkbPM_lJKnIv-bnrRmSW4jxCYETueIty?usp=sharing
WARNING:root:https://drive.google.com/drive/folders/1jkbPM_lJKnIv-bnrRmSW4jxCYETueIty?usp=sharing
WARNING:root:https://drive.google.com/drive/folders/1jkbPM_lJKnIv-bnrRmSW4jxCYETueIty?usp=sharing
WARNING:root:https://drive.google.com/drive/folders/1jkbPM_lJKnIv-bnrRmSW4jxCYETueIty?usp=sharing
WARNING:root:https://drive.google.com/drive/folders/1jkbPM_lJKnIv-bnrRmSW4jxCYETueIty?usp=sharing
WARNING:root:https://drive.google.com/drive/folders/1jkbPM_lJKnIv-bnrRmSW4jxCYETueIty?usp=sharing
WARNING:root:C:\Users\MSI\Documents\Python\Overlay\Docs\README.md?
WARNING:root:C:\Users\MSI\Documents\Python\Overlay\Docs\README.md?
